Arguments: 
  C:\Program Files\nodejs\node.exe C:\Users\2004d\AppData\Roaming\npm\node_modules\yarn\bin\yarn.js add @angular/commom

PATH: 
  C:\Program Files (x86)\Common Files\Oracle\Java\javapath;C:\ProgramData\Oracle\Java\javapath;C:\WINDOWS\system32;C:\WINDOWS;C:\WINDOWS\System32\Wbem;C:\WINDOWS\System32\WindowsPowerShell\v1.0\;C:\WINDOWS\System32\OpenSSH\;C:\Program Files\Microsoft SQL Server\130\Tools\Binn\;C:\Program Files\dotnet\;C:\ProgramData\chocolatey\bin;C:\Program Files\nodejs\;C:\Program Files\OpenJDK\openjdk-11.0.11_9\bin;C:\Users\2004d\Documents\androidStudio\emulator;C:\Users\2004d\Documents\androidStudio\tools;C:\Users\2004d\Documents\androidStudio\tools\bin;C:\Users\2004d\Documents\androidStudio\platform-tools;C:\Users\2004d\AppData\Local\Yarn\bin;C:\Program Files\Git\cmd;C:\Users\2004d\AppData\Local\Microsoft\WindowsApps;C:\Users\2004d\AppData\Local\Programs\Microsoft VS Code\bin;C:\Users\2004d\AppData\Local\GitHubDesktop\bin;C:\Users\2004d\.dotnet\tools;C:\Users\2004d\AppData\Roaming\npm;C:\Users\2004d\AppData\Local\Programs\Hyper\resources\bin;

Yarn version: 
  1.22.10

Node version: 
  14.17.3

Platform: 
  win32 x64

Trace: 
  Error: https://registry.yarnpkg.com/@angular%2fcommom: Not found
      at Request.params.callback [as _callback] (C:\Users\2004d\AppData\Roaming\npm\node_modules\yarn\lib\cli.js:66988:18)
      at Request.self.callback (C:\Users\2004d\AppData\Roaming\npm\node_modules\yarn\lib\cli.js:140662:22)
      at Request.emit (events.js:375:28)
      at Request.<anonymous> (C:\Users\2004d\AppData\Roaming\npm\node_modules\yarn\lib\cli.js:141634:10)
      at Request.emit (events.js:375:28)
      at IncomingMessage.<anonymous> (C:\Users\2004d\AppData\Roaming\npm\node_modules\yarn\lib\cli.js:141556:12)
      at Object.onceWrapper (events.js:481:28)
      at IncomingMessage.emit (events.js:387:35)
      at endReadableNT (internal/streams/readable.js:1317:12)
      at processTicksAndRejections (internal/process/task_queues.js:82:21)

npm manifest: 
  {
    "dependencies": {
      "@angular/core": "^13.0.2",
      "@angular/material": "^13.0.2",
      "@angular/platform-browser": "^13.0.2",
      "@angular/router": "^13.0.2",
      "angular": "^1.8.2"
    }
  }

yarn manifest: 
  No manifest

Lockfile: 
  # THIS IS AN AUTOGENERATED FILE. DO NOT EDIT THIS FILE DIRECTLY.
  # yarn lockfile v1
  
  
  "@angular/core@^13.0.2":
    version "13.0.2"
    resolved "https://registry.yarnpkg.com/@angular/core/-/core-13.0.2.tgz#786bb1242d69e8b7a2cbae224448c27e2f1fc064"
    integrity sha512-6Jbct50lncMqzwLILzfmwQRK8eOEMv0quCL3pQptEpYPSlPqKz6QRxD76BykSUOs7XYJ/KdZmu3uGcT2Q/DUVg==
    dependencies:
      tslib "^2.3.0"
  
  "@angular/material@^13.0.2":
    version "13.0.2"
    resolved "https://registry.yarnpkg.com/@angular/material/-/material-13.0.2.tgz#bbab63f69c9227110b7e22d694fe984528b3d5c2"
    integrity sha512-DbbkQFpZ73oxOuR9LkkpeUPWP31DNIG3Z94sOrtdBhX3HfbLLOCaAJAIwMl8+bEuzDgtWBmx3taUR8l4WKCO8g==
    dependencies:
      tslib "^2.3.0"
  
  "@angular/platform-browser@^13.0.2":
    version "13.0.2"
    resolved "https://registry.yarnpkg.com/@angular/platform-browser/-/platform-browser-13.0.2.tgz#b4fd97e67321e15a4b6d3f0dcb10b11e8f024cb5"
    integrity sha512-fkLGr9Vj2cvFzXefyhNaqwXX90+WbpYj5cCii7S1HcbJ9qSM5ZenLp1t8mGRhmWI7odY4BrFskWOChlWFrLEkA==
    dependencies:
      tslib "^2.3.0"
  
  "@angular/router@^13.0.2":
    version "13.0.2"
    resolved "https://registry.yarnpkg.com/@angular/router/-/router-13.0.2.tgz#08f80a55d594fdc1c3e75f8fffacff6d4121a5ce"
    integrity sha512-AfmT845dcYPvNbUdV2ALlf++szZP3ie2d0eu7JyGWe3anV1fbDcg76RhjxFK8yVUxryrCQtEnot1VEEVlhGkyw==
    dependencies:
      tslib "^2.3.0"
  
  angular@^1.8.2:
    version "1.8.2"
    resolved "https://registry.yarnpkg.com/angular/-/angular-1.8.2.tgz#5983bbb5a9fa63e213cb7749199e0d352de3a2f1"
    integrity sha512-IauMOej2xEe7/7Ennahkbb5qd/HFADiNuLSESz9Q27inmi32zB0lnAsFeLEWcox3Gd1F6YhNd1CP7/9IukJ0Gw==
  
  tslib@^2.3.0:
    version "2.3.1"
    resolved "https://registry.yarnpkg.com/tslib/-/tslib-2.3.1.tgz#e8a335add5ceae51aa261d32a490158ef042ef01"
    integrity sha512-77EbyPPpMz+FRFRuAFlWMtmgUWGe9UOG2Z25NqCwiIjRhOf5iKGuzSe5P2w1laq+FkRy4p+PCuVkJSGkzTEKVw==
